0 info it worked if it ends with ok
1 verbose cli [ 'node', '/usr/local/bin/npm', 'publish' ]
2 info using npm@1.3.14
3 info using node@v0.10.22
4 verbose publish [ '.' ]
5 verbose cache add [ '.', null ]
6 verbose cache add name=undefined spec="." args=[".",null]
7 verbose parsed url { protocol: null,
7 verbose parsed url   slashes: null,
7 verbose parsed url   auth: null,
7 verbose parsed url   host: null,
7 verbose parsed url   port: null,
7 verbose parsed url   hostname: null,
7 verbose parsed url   hash: null,
7 verbose parsed url   search: null,
7 verbose parsed url   query: null,
7 verbose parsed url   pathname: '.',
7 verbose parsed url   path: '.',
7 verbose parsed url   href: '.' }
8 silly lockFile 3a52ce78- .
9 verbose lock . /Users/diogomoretti/.npm/3a52ce78-.lock
10 verbose tar pack [ '/var/folders/mb/nx9wyqb15d908vtlr7fjr8hw0000gp/T/npm-7310-NzQOREIF/1423875252214-0.10865652025677264/tmp.tgz',
10 verbose tar pack   '.' ]
11 verbose tarball /var/folders/mb/nx9wyqb15d908vtlr7fjr8hw0000gp/T/npm-7310-NzQOREIF/1423875252214-0.10865652025677264/tmp.tgz
12 verbose folder .
13 info prepublish slush-ixqueleto@1.0.1
14 silly lockFile 1f1177db-tar tar://.
15 verbose lock tar://. /Users/diogomoretti/.npm/1f1177db-tar.lock
16 silly lockFile 2a458322-2214-0-10865652025677264-tmp-tgz tar:///var/folders/mb/nx9wyqb15d908vtlr7fjr8hw0000gp/T/npm-7310-NzQOREIF/1423875252214-0.10865652025677264/tmp.tgz
17 verbose lock tar:///var/folders/mb/nx9wyqb15d908vtlr7fjr8hw0000gp/T/npm-7310-NzQOREIF/1423875252214-0.10865652025677264/tmp.tgz /Users/diogomoretti/.npm/2a458322-2214-0-10865652025677264-tmp-tgz.lock
18 silly lockFile 1f1177db-tar tar://.
19 silly lockFile 1f1177db-tar tar://.
20 silly lockFile 2a458322-2214-0-10865652025677264-tmp-tgz tar:///var/folders/mb/nx9wyqb15d908vtlr7fjr8hw0000gp/T/npm-7310-NzQOREIF/1423875252214-0.10865652025677264/tmp.tgz
21 silly lockFile 2a458322-2214-0-10865652025677264-tmp-tgz tar:///var/folders/mb/nx9wyqb15d908vtlr7fjr8hw0000gp/T/npm-7310-NzQOREIF/1423875252214-0.10865652025677264/tmp.tgz
22 verbose tar unpack /var/folders/mb/nx9wyqb15d908vtlr7fjr8hw0000gp/T/npm-7310-NzQOREIF/1423875252214-0.10865652025677264/tmp.tgz
23 silly lockFile 2a311eea-2214-0-10865652025677264-package tar:///var/folders/mb/nx9wyqb15d908vtlr7fjr8hw0000gp/T/npm-7310-NzQOREIF/1423875252214-0.10865652025677264/package
24 verbose lock tar:///var/folders/mb/nx9wyqb15d908vtlr7fjr8hw0000gp/T/npm-7310-NzQOREIF/1423875252214-0.10865652025677264/package /Users/diogomoretti/.npm/2a311eea-2214-0-10865652025677264-package.lock
25 silly lockFile 2a458322-2214-0-10865652025677264-tmp-tgz tar:///var/folders/mb/nx9wyqb15d908vtlr7fjr8hw0000gp/T/npm-7310-NzQOREIF/1423875252214-0.10865652025677264/tmp.tgz
26 verbose lock tar:///var/folders/mb/nx9wyqb15d908vtlr7fjr8hw0000gp/T/npm-7310-NzQOREIF/1423875252214-0.10865652025677264/tmp.tgz /Users/diogomoretti/.npm/2a458322-2214-0-10865652025677264-tmp-tgz.lock
27 silly gunzTarPerm modes [ '755', '644' ]
28 silly gunzTarPerm extractEntry package.json
29 silly gunzTarPerm extractEntry .npmignore
30 silly gunzTarPerm extractEntry README.md
31 silly gunzTarPerm extractEntry slushfile.js
32 silly gunzTarPerm extractEntry templates/package.json
33 silly gunzTarPerm extractEntry templates/README.md
34 silly gunzTarPerm extractEntry templates/Gulpfile.js
35 silly gunzTarPerm extractEntry templates/_gitignore
36 silly gunzTarPerm extractEntry templates/index.html
37 silly gunzTarPerm extractEntry templates/src/stylus/_app/default.styl
38 silly gunzTarPerm extractEntry templates/src/stylus/_vendor/normalize.styl
39 silly gunzTarPerm extractEntry templates/src/stylus/_vendor/sgs.styl
40 silly gunzTarPerm extractEntry templates/src/stylus/main.styl
41 silly lockFile 2a311eea-2214-0-10865652025677264-package tar:///var/folders/mb/nx9wyqb15d908vtlr7fjr8hw0000gp/T/npm-7310-NzQOREIF/1423875252214-0.10865652025677264/package
42 silly lockFile 2a311eea-2214-0-10865652025677264-package tar:///var/folders/mb/nx9wyqb15d908vtlr7fjr8hw0000gp/T/npm-7310-NzQOREIF/1423875252214-0.10865652025677264/package
43 silly lockFile 2a458322-2214-0-10865652025677264-tmp-tgz tar:///var/folders/mb/nx9wyqb15d908vtlr7fjr8hw0000gp/T/npm-7310-NzQOREIF/1423875252214-0.10865652025677264/tmp.tgz
44 silly lockFile 2a458322-2214-0-10865652025677264-tmp-tgz tar:///var/folders/mb/nx9wyqb15d908vtlr7fjr8hw0000gp/T/npm-7310-NzQOREIF/1423875252214-0.10865652025677264/tmp.tgz
45 verbose tar pack [ '/Users/diogomoretti/.npm/slush-ixqueleto/1.0.1/package.tgz',
45 verbose tar pack   '/var/folders/mb/nx9wyqb15d908vtlr7fjr8hw0000gp/T/npm-7310-NzQOREIF/1423875252214-0.10865652025677264/package' ]
46 verbose tarball /Users/diogomoretti/.npm/slush-ixqueleto/1.0.1/package.tgz
47 verbose folder /var/folders/mb/nx9wyqb15d908vtlr7fjr8hw0000gp/T/npm-7310-NzQOREIF/1423875252214-0.10865652025677264/package
48 silly lockFile 2a311eea-2214-0-10865652025677264-package tar:///var/folders/mb/nx9wyqb15d908vtlr7fjr8hw0000gp/T/npm-7310-NzQOREIF/1423875252214-0.10865652025677264/package
49 verbose lock tar:///var/folders/mb/nx9wyqb15d908vtlr7fjr8hw0000gp/T/npm-7310-NzQOREIF/1423875252214-0.10865652025677264/package /Users/diogomoretti/.npm/2a311eea-2214-0-10865652025677264-package.lock
50 silly lockFile c9a533c3-lush-ixqueleto-1-0-1-package-tgz tar:///Users/diogomoretti/.npm/slush-ixqueleto/1.0.1/package.tgz
51 verbose lock tar:///Users/diogomoretti/.npm/slush-ixqueleto/1.0.1/package.tgz /Users/diogomoretti/.npm/c9a533c3-lush-ixqueleto-1-0-1-package-tgz.lock
52 silly lockFile 2a311eea-2214-0-10865652025677264-package tar:///var/folders/mb/nx9wyqb15d908vtlr7fjr8hw0000gp/T/npm-7310-NzQOREIF/1423875252214-0.10865652025677264/package
53 silly lockFile 2a311eea-2214-0-10865652025677264-package tar:///var/folders/mb/nx9wyqb15d908vtlr7fjr8hw0000gp/T/npm-7310-NzQOREIF/1423875252214-0.10865652025677264/package
54 silly lockFile c9a533c3-lush-ixqueleto-1-0-1-package-tgz tar:///Users/diogomoretti/.npm/slush-ixqueleto/1.0.1/package.tgz
55 silly lockFile c9a533c3-lush-ixqueleto-1-0-1-package-tgz tar:///Users/diogomoretti/.npm/slush-ixqueleto/1.0.1/package.tgz
56 silly lockFile 73a44b40-pm-slush-ixqueleto-1-0-1-package /Users/diogomoretti/.npm/slush-ixqueleto/1.0.1/package
57 verbose lock /Users/diogomoretti/.npm/slush-ixqueleto/1.0.1/package /Users/diogomoretti/.npm/73a44b40-pm-slush-ixqueleto-1-0-1-package.lock
58 silly lockFile 73a44b40-pm-slush-ixqueleto-1-0-1-package /Users/diogomoretti/.npm/slush-ixqueleto/1.0.1/package
59 silly lockFile 73a44b40-pm-slush-ixqueleto-1-0-1-package /Users/diogomoretti/.npm/slush-ixqueleto/1.0.1/package
60 verbose tar unpack /Users/diogomoretti/.npm/slush-ixqueleto/1.0.1/package.tgz
61 silly lockFile 6f4a3b9b-pm-slush-ixqueleto-1-0-1-package tar:///Users/diogomoretti/.npm/slush-ixqueleto/1.0.1/package
62 verbose lock tar:///Users/diogomoretti/.npm/slush-ixqueleto/1.0.1/package /Users/diogomoretti/.npm/6f4a3b9b-pm-slush-ixqueleto-1-0-1-package.lock
63 silly lockFile c9a533c3-lush-ixqueleto-1-0-1-package-tgz tar:///Users/diogomoretti/.npm/slush-ixqueleto/1.0.1/package.tgz
64 verbose lock tar:///Users/diogomoretti/.npm/slush-ixqueleto/1.0.1/package.tgz /Users/diogomoretti/.npm/c9a533c3-lush-ixqueleto-1-0-1-package-tgz.lock
65 silly gunzTarPerm modes [ '755', '644' ]
66 silly gunzTarPerm extractEntry package.json
67 silly gunzTarPerm extractEntry .npmignore
68 silly gunzTarPerm extractEntry README.md
69 silly gunzTarPerm extractEntry slushfile.js
70 silly gunzTarPerm extractEntry templates/package.json
71 silly gunzTarPerm extractEntry templates/README.md
72 silly gunzTarPerm extractEntry templates/Gulpfile.js
73 silly gunzTarPerm extractEntry templates/_gitignore
74 silly gunzTarPerm extractEntry templates/index.html
75 silly gunzTarPerm extractEntry templates/src/stylus/_app/default.styl
76 silly gunzTarPerm extractEntry templates/src/stylus/_vendor/normalize.styl
77 silly gunzTarPerm extractEntry templates/src/stylus/_vendor/sgs.styl
78 silly gunzTarPerm extractEntry templates/src/stylus/main.styl
79 silly lockFile 6f4a3b9b-pm-slush-ixqueleto-1-0-1-package tar:///Users/diogomoretti/.npm/slush-ixqueleto/1.0.1/package
80 silly lockFile 6f4a3b9b-pm-slush-ixqueleto-1-0-1-package tar:///Users/diogomoretti/.npm/slush-ixqueleto/1.0.1/package
81 silly lockFile c9a533c3-lush-ixqueleto-1-0-1-package-tgz tar:///Users/diogomoretti/.npm/slush-ixqueleto/1.0.1/package.tgz
82 silly lockFile c9a533c3-lush-ixqueleto-1-0-1-package-tgz tar:///Users/diogomoretti/.npm/slush-ixqueleto/1.0.1/package.tgz
83 verbose chmod /Users/diogomoretti/.npm/slush-ixqueleto/1.0.1/package.tgz 644
84 verbose chown /Users/diogomoretti/.npm/slush-ixqueleto/1.0.1/package.tgz [ 502, 20 ]
85 silly lockFile 3a52ce78- .
86 silly lockFile 3a52ce78- .
87 silly publish { name: 'slush-ixqueleto',
87 silly publish   version: '1.0.1',
87 silly publish   description: 'Generate a simple web project using Stylus and Gulp',
87 silly publish   main: 'slushfile.js',
87 silly publish   scripts: { test: 'echo "Error: no test specified" && exit 1' },
87 silly publish   keywords: [ 'slushgenerator', 'stylus' ],
87 silly publish   dependencies:
87 silly publish    { gulp: '~3.5.6',
87 silly publish      'gulp-template': '~0.1.1',
87 silly publish      'gulp-install': '~0.1.1',
87 silly publish      'gulp-conflict': '~0.1.1',
87 silly publish      'gulp-rename': '~1.2.0',
87 silly publish      'underscore.string': '~2.3.3',
87 silly publish      inquirer: '~0.4.1' },
87 silly publish   author: { name: 'Diogo Moretti' },
87 silly publish   license: 'MIT',
87 silly publish   readme: '# slush-ixqueleto\n> Generate a simple web project using Stylus and Gulp\n\n[Visit website for instructions](http://diogomoretti.github.io/slush-ixqueleto/)\n\n## Credits\n[Diogo Moretti](https://github.com/diogomoretti)',
87 silly publish   readmeFilename: 'README.md',
87 silly publish   _id: 'slush-ixqueleto@1.0.1',
87 silly publish   dist: { shasum: 'dff2cb4b2854ffb5f5f52485fc69ce170e454e11' },
87 silly publish   _from: '.' }
88 verbose url raw slush-ixqueleto
89 verbose url resolving [ 'https://registry.npmjs.org/', './slush-ixqueleto' ]
90 verbose url resolved https://registry.npmjs.org/slush-ixqueleto
91 info trying registry request attempt 1 at 22:54:12
92 http PUT https://registry.npmjs.org/slush-ixqueleto
93 http 201 https://registry.npmjs.org/slush-ixqueleto
94 verbose url raw slush-ixqueleto
95 verbose url resolving [ 'https://registry.npmjs.org/', './slush-ixqueleto' ]
96 verbose url resolved https://registry.npmjs.org/slush-ixqueleto
97 info trying registry request attempt 1 at 22:54:13
98 http GET https://registry.npmjs.org/slush-ixqueleto
99 http 200 https://registry.npmjs.org/slush-ixqueleto
100 error publish fail Cannot publish over existing version.
100 error publish fail Update the 'version' field in package.json and try again.
100 error publish fail
100 error publish fail If the previous version was published in error, see:
100 error publish fail     npm help unpublish
100 error publish fail
100 error publish fail To automatically increment version numbers, see:
100 error publish fail     npm help version
101 error System Darwin 14.0.0
102 error command "node" "/usr/local/bin/npm" "publish"
103 error cwd /Users/diogomoretti/Projects/slush-ixqueleto
104 error node -v v0.10.22
105 error npm -v 1.3.14
106 error code EPUBLISHCONFLICT
107 verbose exit [ 1, true ]
